<?xml version="1.0" encoding="UTF-8"?>
<!-- Generated by org.testng.reporters.JUnitReportReporter -->
<testsuite hostname="DESKTOP-TIC5DM4" failures="0" tests="1" name="tests.MainTest" time="27.842" errors="0" timestamp="2024-06-19T23:39:12 IST" skipped="0">
  <testcase classname="tests.MainTest" name="ChechoutProcess" time="27.842"/>
  <system-out/>
</testsuite> <!-- tests.MainTest -->
