<?xml version="1.0" encoding="UTF-8"?>
<!-- Generated by org.testng.reporters.JUnitReportReporter -->
<testsuite hostname="DESKTOP-TIC5DM4" failures="0" tests="2" name="defectCase.PurchaseWithoutLoginTestExtent_Report" time="16.489" errors="0" timestamp="2024-06-19T23:40:29 IST" skipped="0">
  <testcase classname="defectCase.PurchaseWithoutLoginTestExtent_Report" name="addProductToCartWithoutLogin__Test_Case_01" time="7.376"/>
  <system-out/>
  <testcase classname="defectCase.PurchaseWithoutLoginTestExtent_Report" name="checkoutWithoutLogin___Test_Case_02" time="9.113"/>
  <system-out/>
</testsuite> <!-- defectCase.PurchaseWithoutLoginTestExtent_Report -->
