<?xml version="1.0" encoding="UTF-8"?>
<!-- Generated by org.testng.reporters.JUnitReportReporter -->
<testsuite hostname="DESKTOP-TIC5DM4" failures="0" tests="9" name="tests.End_To_End_Extent_Report" time="101.135" errors="0" timestamp="2024-06-19T23:37:57 IST" skipped="0">
  <testcase classname="tests.End_To_End_Extent_Report" name="loginFuctionality" time="6.339"/>
  <system-out/>
  <testcase classname="tests.End_To_End_Extent_Report" name="categoriesDisplayed" time="5.206"/>
  <system-out/>
  <testcase classname="tests.End_To_End_Extent_Report" name="navigateToNextPage" time="15.226"/>
  <system-out/>
  <testcase classname="tests.End_To_End_Extent_Report" name="contactDemo" time="6.786"/>
  <system-out/>
  <testcase classname="tests.End_To_End_Extent_Report" name="addCartDemo" time="18.980"/>
  <system-out/>
  <testcase classname="tests.End_To_End_Extent_Report" name="deleteItemFromCart" time="3.249"/>
  <system-out/>
  <testcase classname="tests.End_To_End_Extent_Report" name="checkoutProcess" time="35.015"/>
  <system-out/>
  <testcase classname="tests.End_To_End_Extent_Report" name="testInvalidLogin" time="7.542"/>
  <system-out/>
  <testcase classname="tests.End_To_End_Extent_Report" name="testGetStatusCode" time="2.792"/>
  <system-out/>
</testsuite> <!-- tests.End_To_End_Extent_Report -->
